<?xml version="1.0" encoding="UTF-8"?>
<!-- Generated by org.testng.reporters.JUnitReportReporter -->
<testsuite skipped="0" hostname="W-PF1FSBXF" name="sdetselenium.sdetliveselenium.AppTest" tests="1" failures="0" timestamp="2020-12-30T19:37:12 IST" time="9.462" errors="0">
  <testcase name="launchBrowser" time="9.462" classname="sdetselenium.sdetliveselenium.AppTest"/>
  <system-out/>
</testsuite> <!-- sdetselenium.sdetliveselenium.AppTest -->
