<?xml version="1.0" encoding="UTF-8"?>
<!-- Generated by org.testng.reporters.JUnitReportReporter -->
<testsuite skipped="0" hostname="W-PF1FSBXF" name="sdet.RestAssured.DocletTest" tests="1" failures="0" timestamp="2020-10-04T13:49:25 IST" time="3.655" errors="0">
  <testcase name="testLoginAPI" time="3.655" classname="sdet.RestAssured.DocletTest"/>
</testsuite> <!-- sdet.RestAssured.DocletTest -->
